{"/Users/marzy/github/kickstarters/kickstarter-react/src/components/complex/Footer/index.jsx": {"path":"/Users/marzy/github/kickstarters/kickstarter-react/src/components/complex/Footer/index.jsx","statementMap":{"0":{"start":{"line":4,"column":15},"end":{"line":8,"column":1}},"1":{"start":{"line":5,"column":2},"end":{"line":7,"column":11}}},"fnMap":{"0":{"name":"(anonymous_0)","decl":{"start":{"line":4,"column":15},"end":{"line":4,"column":16}},"loc":{"start":{"line":5,"column":2},"end":{"line":7,"column":11}},"line":5}},"branchMap":{},"s":{"0":1,"1":1},"f":{"0":1},"b":{},"_coverageSchema":"332fd63041d2c1bcb487cc26dd0d5f7d97098a6c","hash":"120d7cd6c516b718a5ddb488d06d80621ca269b9"}
,"/Users/marzy/github/kickstarters/kickstarter-react/src/components/complex/Header/index.jsx": {"path":"/Users/marzy/github/kickstarters/kickstarter-react/src/components/complex/Header/index.jsx","statementMap":{"0":{"start":{"line":4,"column":15},"end":{"line":8,"column":1}},"1":{"start":{"line":5,"column":2},"end":{"line":7,"column":11}}},"fnMap":{"0":{"name":"(anonymous_0)","decl":{"start":{"line":4,"column":15},"end":{"line":4,"column":16}},"loc":{"start":{"line":5,"column":2},"end":{"line":7,"column":11}},"line":5}},"branchMap":{},"s":{"0":1,"1":1},"f":{"0":1},"b":{},"_coverageSchema":"332fd63041d2c1bcb487cc26dd0d5f7d97098a6c","hash":"aff496d2b5b24a21642fea27d088e2b9c46e915d"}
,"/Users/marzy/github/kickstarters/kickstarter-react/src/components/complex/Nav/index.jsx": {"path":"/Users/marzy/github/kickstarters/kickstarter-react/src/components/complex/Nav/index.jsx","statementMap":{"0":{"start":{"line":5,"column":12},"end":{"line":16,"column":1}},"1":{"start":{"line":6,"column":2},"end":{"line":15,"column":8}}},"fnMap":{"0":{"name":"(anonymous_0)","decl":{"start":{"line":5,"column":12},"end":{"line":5,"column":13}},"loc":{"start":{"line":6,"column":2},"end":{"line":15,"column":8}},"line":6}},"branchMap":{},"s":{"0":1,"1":1},"f":{"0":1},"b":{},"_coverageSchema":"332fd63041d2c1bcb487cc26dd0d5f7d97098a6c","hash":"e75ee0f1c0854ca91a5daca3fb76128b45659e28"}
,"/Users/marzy/github/kickstarters/kickstarter-react/src/components/simple/Button/index.jsx": {"path":"/Users/marzy/github/kickstarters/kickstarter-react/src/components/simple/Button/index.jsx","statementMap":{"0":{"start":{"line":5,"column":15},"end":{"line":9,"column":1}},"1":{"start":{"line":6,"column":2},"end":{"line":8,"column":11}},"2":{"start":{"line":11,"column":0},"end":{"line":14,"column":2}}},"fnMap":{"0":{"name":"(anonymous_0)","decl":{"start":{"line":5,"column":15},"end":{"line":5,"column":16}},"loc":{"start":{"line":6,"column":2},"end":{"line":8,"column":11}},"line":6}},"branchMap":{},"s":{"0":1,"1":1,"2":1},"f":{"0":1},"b":{},"_coverageSchema":"332fd63041d2c1bcb487cc26dd0d5f7d97098a6c","hash":"f01b9d342db545e1d94d91a940ae2d78c68b3b77"}
,"/Users/marzy/github/kickstarters/kickstarter-react/src/components/simple/Container/index.jsx": {"path":"/Users/marzy/github/kickstarters/kickstarter-react/src/components/simple/Container/index.jsx","statementMap":{"0":{"start":{"line":5,"column":18},"end":{"line":9,"column":1}},"1":{"start":{"line":6,"column":2},"end":{"line":8,"column":8}},"2":{"start":{"line":11,"column":0},"end":{"line":13,"column":2}}},"fnMap":{"0":{"name":"(anonymous_0)","decl":{"start":{"line":5,"column":18},"end":{"line":5,"column":19}},"loc":{"start":{"line":6,"column":2},"end":{"line":8,"column":8}},"line":6}},"branchMap":{},"s":{"0":1,"1":1,"2":1},"f":{"0":1},"b":{},"_coverageSchema":"332fd63041d2c1bcb487cc26dd0d5f7d97098a6c","hash":"b28eee8d07c9b7d0f4da75395aa15fa72b3f0c32"}
,"/Users/marzy/github/kickstarters/kickstarter-react/src/components/simple/Input/index.jsx": {"path":"/Users/marzy/github/kickstarters/kickstarter-react/src/components/simple/Input/index.jsx","statementMap":{"0":{"start":{"line":5,"column":14},"end":{"line":7,"column":1}},"1":{"start":{"line":6,"column":2},"end":{"line":6,"column":54}},"2":{"start":{"line":9,"column":0},"end":{"line":11,"column":2}}},"fnMap":{"0":{"name":"(anonymous_0)","decl":{"start":{"line":5,"column":14},"end":{"line":5,"column":15}},"loc":{"start":{"line":6,"column":2},"end":{"line":6,"column":54}},"line":6}},"branchMap":{},"s":{"0":1,"1":1,"2":1},"f":{"0":1},"b":{},"_coverageSchema":"332fd63041d2c1bcb487cc26dd0d5f7d97098a6c","hash":"9c7f224577e31677ea712169442618e660fc360b"}
}
